<?xml version="1.0" encoding="UTF-8"?>
<!-- Generated by org.testng.reporters.JUnitXMLReporter -->
<testsuite hostname="yaner" ignored="0" name="TestMethods" tests="6" failures="0" timestamp="10 九月 2018 12:37:33 GMT" time="4.319" errors="0">
  <testcase name="payloadTest" time="0.351" classname="test.PayloadTest"/>
  <testcase name="payloadTest" time="0.34" classname="test.PayloadTest"/>
  <testcase name="payloadTest" time="0.34" classname="test.PayloadTest"/>
  <testcase name="payloadTest" time="0.466" classname="test.PayloadTest"/>
  <testcase name="payloadTest" time="0.378" classname="test.PayloadTest"/>
  <testcase name="payloadTest" time="0.334" classname="test.PayloadTest"/>
</testsuite> <!-- TestMethods -->
