<?xml version="1.0" encoding="UTF-8"?>
<testsuite xmlns:xsi="http://www.w3.org/2001/XMLSchema-instance" xsi:noNamespaceSchemaLocation="https://maven.apache.org/surefire/maven-surefire-plugin/xsd/surefire-test-report.xsd" name="TestSuite" time="10.499" tests="6" errors="0" skipped="0" failures="0">
  <properties>
[...]
</properties>
  <testcase name="payloadTest" classname="test.PayloadTest" time="0.343"/>
  <testcase name="payloadTest" classname="test.PayloadTest" time="0.361"/>
  <testcase name="payloadTest" classname="test.PayloadTest" time="0.346"/>
  <testcase name="payloadTest" classname="test.PayloadTest" time="0.339"/>
  <testcase name="payloadTest" classname="test.PayloadTest" time="0.338"/>
  <testcase name="payloadTest" classname="test.PayloadTest" time="0.335"/>
</testsuite>