<?xml version="1.0" encoding="UTF-8"?>
<!-- Generated by org.testng.reporters.JUnitXMLReporter -->
<testsuite hostname="yaner" ignored="0" name="TestMethods" tests="6" failures="0" timestamp="10 九月 2018 12:32:45 GMT" time="10.314" errors="0">
  <testcase name="payloadTest" time="0.344" classname="test.PayloadTest"/>
  <testcase name="payloadTest" time="0.361" classname="test.PayloadTest"/>
  <testcase name="payloadTest" time="0.341" classname="test.PayloadTest"/>
  <testcase name="payloadTest" time="0.34" classname="test.PayloadTest"/>
  <testcase name="payloadTest" time="0.339" classname="test.PayloadTest"/>
  <testcase name="payloadTest" time="0.336" classname="test.PayloadTest"/>
</testsuite> <!-- TestMethods -->
